<?xml version="1.0" encoding="UTF-8"?>
<!-- Generated by org.testng.reporters.JUnitReportReporter -->
<testsuite hostname="ArunYadav" name="com.bd.executionclasses.BookFlight" tests="1" failures="0" timestamp="9 Sep 2020 20:30:19 GMT" time="21.572" errors="0">
  <testcase name="BookTicketTest" time="21.572" classname="com.bd.executionclasses.BookFlight"/>
</testsuite> <!-- com.bd.executionclasses.BookFlight -->
