<?xml version="1.0" encoding="UTF-8"?>
<!-- Generated by org.testng.reporters.JUnitReportReporter -->
<testsuite hostname="DESKTOP-05IPB51" name="com.bd.driver.DriverBase" tests="3" failures="0" timestamp="19 Oct 2021 11:47:48 GMT" time="126.104" errors="0">
  <testcase name="FlightDetailsTest" time="15.764" classname="com.bd.driver.DriverBase"/>
  <testcase name="FindFlightsTest" time="18.128" classname="com.bd.driver.DriverBase"/>
  <testcase name="BookTicketTest" time="92.212" classname="com.bd.driver.DriverBase"/>
</testsuite> <!-- com.bd.driver.DriverBase -->
