<?xml version="1.0" encoding="UTF-8"?>
<!-- Generated by org.testng.reporters.JUnitReportReporter -->
<testsuite hostname="ArunYadav" name="com.bd.scenarios.InitiateWebDriver" tests="1" failures="0" timestamp="8 Sep 2020 07:14:24 GMT" time="10.456" errors="0">
  <testcase name="fnLaunchBrowser" time="10.456" classname="com.bd.scenarios.InitiateWebDriver"/>
</testsuite> <!-- com.bd.scenarios.InitiateWebDriver -->
