<?xml version="1.0" encoding="UTF-8"?>
<!-- Generated by org.testng.reporters.JUnitReportReporter -->
<testsuite hostname="ArunYadav" name="controller.CukeExecutor" tests="1" failures="0" timestamp="6 Sep 2020 04:30:27 GMT" time="12.083" errors="0">
  <testcase name="feature" time="12.083" classname="controller.CukeExecutor"/>
</testsuite> <!-- controller.CukeExecutor -->
