<?xml version="1.0" encoding="UTF-8"?>
<!-- Generated by org.testng.reporters.JUnitReportReporter -->
<testsuite hostname="ArunYadav" name="com.bd.executionclasses.FlightDetails" tests="1" failures="0" timestamp="9 Sep 2020 20:30:19 GMT" time="16.853" errors="0">
  <testcase name="FlightDetailsTest" time="16.853" classname="com.bd.executionclasses.FlightDetails"/>
</testsuite> <!-- com.bd.executionclasses.FlightDetails -->
