<?xml version="1.0" encoding="UTF-8"?>
<!-- Generated by org.testng.reporters.JUnitReportReporter -->
<testsuite hostname="ArunYadav" name="com.bd.executionclasses.BookTicket" tests="1" failures="0" timestamp="9 Sep 2020 19:45:29 GMT" time="0.125" errors="0">
  <testcase name="BookTicketTest" time="0.125" classname="com.bd.executionclasses.BookTicket"/>
</testsuite> <!-- com.bd.executionclasses.BookTicket -->
