<?xml version="1.0" encoding="UTF-8"?>
<!-- Generated by org.testng.reporters.JUnitReportReporter -->
<testsuite hostname="ArunYadav" name="com.bd.executionclasses.FindFlights" tests="3" failures="0" timestamp="9 Sep 2020 21:01:55 GMT" time="51.597" errors="0">
  <testcase name="BookTicketTest" time="23.726" classname="com.bd.executionclasses.FindFlights"/>
  <testcase name="FindFlightsTest" time="13.611" classname="com.bd.executionclasses.FindFlights"/>
  <testcase name="FlightDetailsTest" time="14.260" classname="com.bd.executionclasses.FindFlights"/>
</testsuite> <!-- com.bd.executionclasses.FindFlights -->
